2025-06-16T03:58:57+00:00 Uncaught TypeError: array_filter(): Argument #1 ($array) must be of type array, null given in C:\xampp\htdocs\fstudy\contents\themes\tutorstarter\template\digitalsat\template-result.php:1000
Stack trace:
#0 C:\xampp\htdocs\fstudy\contents\themes\tutorstarter\template\digitalsat\template-result.php(1000): array_filter(NULL, Object(Closure))
#1 C:\xampp\htdocs\fstudy\contents\plugins\insert-headers-and-footers\includes\class-wpcode-snippet-execute.php(419) : eval()'d code(1577): include('C:\\xampp\\htdocs...')
#2 C:\xampp\htdocs\fstudy\wp-includes\class-wp-hook.php(324): WPCode_Snippet_Execute->{closure}('')
#3 C:\xampp\htdocs\fstudy\wp-includes\class-wp-hook.php(348): WP_Hook->apply_filters(NULL, Array)
#4 C:\xampp\htdocs\fstudy\wp-includes\plugin.php(517): WP_Hook->do_action(Array)
#5 C:\xampp\htdocs\fstudy\wp-includes\template-loader.php(13): do_action('template_redire...')
#6 C:\xampp\htdocs\fstudy\wp-blog-header.php(19): require_once('C:\\xampp\\htdocs...')
#7 C:\xampp\htdocs\fstudy\index.php(17): require('C:\\xampp\\htdocs...')
#8 {main}
  thrown
2025-06-16T04:32:15+00:00 Cannot redeclare add_custom_query_vars() (previously declared in C:\xampp\htdocs\fstudy\contents\plugins\insert-headers-and-footers\includes\class-wpcode-snippet-execute.php(419) : eval()'d code:911)
2025-06-16T04:41:00+00:00 Uncaught TypeError: count(): Argument #1 ($value) must be of type Countable|array, null given in C:\xampp\htdocs\fstudy\contents\themes\tutorstarter\template\digitalsat\template-result.php:549
Stack trace:
#0 C:\xampp\htdocs\fstudy\contents\plugins\insert-headers-and-footers\includes\class-wpcode-snippet-execute.php(419) : eval()'d code(1577): include()
#1 C:\xampp\htdocs\fstudy\wp-includes\class-wp-hook.php(324): WPCode_Snippet_Execute->{closure}('')
#2 C:\xampp\htdocs\fstudy\wp-includes\class-wp-hook.php(348): WP_Hook->apply_filters(NULL, Array)
#3 C:\xampp\htdocs\fstudy\wp-includes\plugin.php(517): WP_Hook->do_action(Array)
#4 C:\xampp\htdocs\fstudy\wp-includes\template-loader.php(13): do_action('template_redire...')
#5 C:\xampp\htdocs\fstudy\wp-blog-header.php(19): require_once('C:\\xampp\\htdocs...')
#6 C:\xampp\htdocs\fstudy\index.php(17): require('C:\\xampp\\htdocs...')
#7 {main}
  thrown
