2025-08-12T02:08:01+00:00 Uncaught Error: Call to a member function bind_param() on bool in C:\xampp\htdocs\fstudy\contents\themes\tutorstarter\template\shadowing\shadowing-start-template.php:45
Stack trace:
#0 C:\xampp\htdocs\fstudy\contents\plugins\insert-headers-and-footers\includes\class-wpcode-snippet-execute.php(419) : eval()'d code(1467): include()
#1 C:\xampp\htdocs\fstudy\wp-includes\class-wp-hook.php(324): WPCode_Snippet_Execute->{closure}('')
#2 C:\xampp\htdocs\fstudy\wp-includes\class-wp-hook.php(348): WP_Hook->apply_filters(NULL, Array)
#3 C:\xampp\htdocs\fstudy\wp-includes\plugin.php(517): WP_Hook->do_action(Array)
#4 C:\xampp\htdocs\fstudy\wp-includes\template-loader.php(13): do_action('template_redire...')
#5 C:\xampp\htdocs\fstudy\wp-blog-header.php(19): require_once('C:\\xampp\\htdocs...')
#6 C:\xampp\htdocs\fstudy\index.php(17): require('C:\\xampp\\htdocs...')
#7 {main}
  thrown
2025-08-12T02:09:32+00:00 Uncaught Error: Call to a member function bind_param() on bool in C:\xampp\htdocs\fstudy\contents\themes\tutorstarter\template\shadowing\shadowing-start-template.php:45
Stack trace:
#0 C:\xampp\htdocs\fstudy\contents\plugins\insert-headers-and-footers\includes\class-wpcode-snippet-execute.php(419) : eval()'d code(1467): include()
#1 C:\xampp\htdocs\fstudy\wp-includes\class-wp-hook.php(324): WPCode_Snippet_Execute->{closure}('')
#2 C:\xampp\htdocs\fstudy\wp-includes\class-wp-hook.php(348): WP_Hook->apply_filters(NULL, Array)
#3 C:\xampp\htdocs\fstudy\wp-includes\plugin.php(517): WP_Hook->do_action(Array)
#4 C:\xampp\htdocs\fstudy\wp-includes\template-loader.php(13): do_action('template_redire...')
#5 C:\xampp\htdocs\fstudy\wp-blog-header.php(19): require_once('C:\\xampp\\htdocs...')
#6 C:\xampp\htdocs\fstudy\index.php(17): require('C:\\xampp\\htdocs...')
#7 {main}
  thrown
